{"/Users/tanxuan/Desktop/project/webpacks/webpack5/src/web/api/config.ts": {"path":"/Users/tanxuan/Desktop/project/webpacks/webpack5/src/web/api/config.ts","statementMap":{"0":{"start":{"line":1,"column":0},"end":{"line":1,"column":26}},"1":{"start":{"line":3,"column":0},"end":{"line":3,"column":38}},"2":{"start":{"line":5,"column":16},"end":{"line":9,"column":2}},"3":{"start":{"line":38,"column":0},"end":{"line":38,"column":23}}},"fnMap":{},"branchMap":{"0":{"loc":{"start":{"line":7,"column":58},"end":{"line":7,"column":62}},"type":"cond-expr","locations":[{"start":{"line":7,"column":58},"end":{"line":7,"column":62}},{"start":{"line":7,"column":65},"end":{"line":7,"column":70}}]}},"s":{"0":1,"1":1,"2":1,"3":1},"f":{},"b":{"0":[1,0]}}
,"/Users/tanxuan/Desktop/project/webpacks/webpack5/src/web/api/home.ts": {"path":"/Users/tanxuan/Desktop/project/webpacks/webpack5/src/web/api/home.ts","statementMap":{"0":{"start":{"line":1,"column":0},"end":{"line":1,"column":30}},"1":{"start":{"line":3,"column":13},"end":{"line":7,"column":2}},"2":{"start":{"line":4,"column":2},"end":{"line":6,"column":5}}},"fnMap":{"0":{"name":"(anonymous_1)","decl":{"start":{"line":3,"column":23},"end":{"line":3,"column":null}},"loc":{"start":{"line":3,"column":23},"end":{"line":7,"column":1}}}},"branchMap":{},"s":{"0":1,"1":1,"2":1},"f":{"0":1},"b":{}}
,"/Users/tanxuan/Desktop/project/webpacks/webpack5/src/web/components/home/Index.tsx": {"path":"/Users/tanxuan/Desktop/project/webpacks/webpack5/src/web/components/home/Index.tsx","statementMap":{"0":{"start":{"line":1,"column":0},"end":{"line":1,"column":55}},"1":{"start":{"line":2,"column":0},"end":{"line":2,"column":36}},"2":{"start":{"line":4,"column":37},"end":{"line":19,"column":1}},"3":{"start":{"line":4,"column":48},"end":{"line":4,"column":50}},"4":{"start":{"line":4,"column":55},"end":{"line":4,"column":57}},"5":{"start":{"line":5,"column":26},"end":{"line":5,"column":38}},"6":{"start":{"line":5,"column":13},"end":{"line":5,"column":15}},"7":{"start":{"line":5,"column":22},"end":{"line":5,"column":26}},"8":{"start":{"line":8,"column":24},"end":{"line":10,"column":null}},"9":{"start":{"line":9,"column":6},"end":{"line":9,"column":22}},"10":{"start":{"line":8,"column":10},"end":{"line":10,"column":null}},"11":{"start":{"line":11,"column":4},"end":{"line":11,"column":17}},"12":{"start":{"line":14,"column":2},"end":{"line":16,"column":5}},"13":{"start":{"line":15,"column":4},"end":{"line":15,"column":17}},"14":{"start":{"line":18,"column":2},"end":{"line":18,"column":53}},"15":{"start":{"line":21,"column":0},"end":{"line":21,"column":21}}},"fnMap":{"0":{"name":"(anonymous_19)","decl":{"start":{"line":4,"column":37},"end":{"line":4,"column":38}},"loc":{"start":{"line":4,"column":57},"end":{"line":19,"column":1}}},"1":{"name":"getApiData","decl":{"start":{"line":7,"column":17},"end":{"line":7,"column":27}},"loc":{"start":{"line":7,"column":27},"end":{"line":12,"column":null}}},"2":{"name":"(anonymous_23)","decl":{"start":{"line":8,"column":45},"end":{"line":8,"column":46}},"loc":{"start":{"line":8,"column":49},"end":{"line":10,"column":5}}},"3":{"name":"(anonymous_24)","decl":{"start":{"line":14,"column":12},"end":{"line":14,"column":null}},"loc":{"start":{"line":14,"column":12},"end":{"line":16,"column":3}}}},"branchMap":{"0":{"loc":{"start":{"line":8,"column":24},"end":{"line":10,"column":null}},"type":"switch","locations":[{"start":{"line":8,"column":24},"end":{"line":10,"column":null}}]},"1":{"loc":{"start":{"line":18,"column":29},"end":{"line":18,"column":33}},"type":"binary-expr","locations":[{"start":{"line":18,"column":29},"end":{"line":18,"column":33}},{"start":{"line":18,"column":37},"end":{"line":18,"column":45}}]}},"s":{"0":1,"1":1,"2":1,"3":1,"4":1,"5":1,"6":1,"7":1,"8":1,"9":0,"10":0,"11":0,"12":1,"13":1,"14":1,"15":1},"f":{"0":1,"1":1,"2":0,"3":1},"b":{"0":[1],"1":[1,1]}}
,"/Users/tanxuan/Desktop/project/webpacks/webpack5/src/web/config/global.ts": {"path":"/Users/tanxuan/Desktop/project/webpacks/webpack5/src/web/config/global.ts","statementMap":{"0":{"start":{"line":6,"column":23},"end":{"line":9,"column":2}},"1":{"start":{"line":11,"column":0},"end":{"line":11,"column":22}}},"fnMap":{},"branchMap":{},"s":{"0":1,"1":1},"f":{},"b":{}}
}
